#
# There is insufficient memory for the Java Runtime Environment to continue.
# Native memory allocation (mmap) failed to map 264241152 bytes for Failed to commit area from 0x0000000704000000 to 0x0000000713c00000 of length 264241152.
# Possible reasons:
#   The system is out of physical RAM or swap space
#   The process is running with CompressedOops enabled, and the Java Heap may be blocking the growth of the native heap
# Possible solutions:
#   Reduce memory load on the system
#   Increase physical memory or swap space
#   Check if swap backing store is full
#   Decrease Java heap size (-Xmx/-Xms)
#   Decrease number of Java threads
#   Decrease Java thread stack sizes (-Xss)
#   Set larger code cache with -XX:ReservedCodeCacheSize=
# This output file may be truncated or incomplete.
#
#  Out of Memory Error (src/hotspot/os/windows/os_windows.cpp:3627), pid=5568, tid=11288
#
# JRE version:  (11.0.15+10) (build )
# Java VM: OpenJDK 64-Bit Server VM (11.0.15+10-b2043.56, mixed mode, sharing, tiered, compressed oops, g1 gc, windows-amd64)
# No core dump will be written. Minidumps are not enabled by default on client versions of Windows
#

---------------  S U M M A R Y ------------

Command Line: git4idea.http.GitAskPassApp Username for 'https://github.com': 

Host: 11th Gen Intel(R) Core(TM) i7-11800H @ 2.30GHz, 16 cores, 15G,  Windows 11 , 64 bit Build 22621 (10.0.22621.3085)
Time: Mon Mar 11 09:01:05 2024 Jordan Standard Time elapsed time: 0.008269 seconds (0d 0h 0m 0s)

---------------  T H R E A D  ---------------

Current thread (0x0000023ca4958000):  JavaThread "Unknown thread" [_thread_in_vm, id=11288, stack(0x0000009380a00000,0x0000009380b00000)]

Stack: [0x0000009380a00000,0x0000009380b00000]
Native frames: (J=compiled Java code, j=interpreted, Vv=VM code, C=native code)
V  [jvm.dll+0x61612a]
V  [jvm.dll+0x79c450]
V  [jvm.dll+0x79da6d]
V  [jvm.dll+0x79e143]
V  [jvm.dll+0x24cc18]
V  [jvm.dll+0x613174]
V  [jvm.dll+0x607e55]
V  [jvm.dll+0x30b1cb]
V  [jvm.dll+0x30b13a]
V  [jvm.dll+0x30b012]
V  [jvm.dll+0x30ff76]
V  [jvm.dll+0x35b4c3]
V  [jvm.dll+0x35bbc6]
V  [jvm.dll+0x35b5c3]
V  [jvm.dll+0x2e5918]
V  [jvm.dll+0x2e6ab7]
V  [jvm.dll+0x7794f7]
V  [jvm.dll+0x77acec]
V  [jvm.dll+0x368a59]
V  [jvm.dll+0x75ce8e]
V  [jvm.dll+0x3d6a33]
V  [jvm.dll+0x3d9001]
C  [jli.dll+0x536b]
C  [ucrtbase.dll+0x29363]
C  [KERNEL32.DLL+0x1257d]
C  [ntdll.dll+0x5aa58]


---------------  P R O C E S S  ---------------

Threads class SMR info:
_java_thread_list=0x0000023ca2668a40, length=0, elements={
}

Java Threads: ( => current thread )

Other Threads:
  0x0000023ca4970800 GCTaskThread "GC Thread#0" [stack: 0x0000009380b00000,0x0000009380c00000] [id=19024]
  0x0000023ca49cd000 ConcurrentGCThread "G1 Main Marker" [stack: 0x0000009380c00000,0x0000009380d00000] [id=23748]
  0x0000023ca49d2800 ConcurrentGCThread "G1 Conc#0" [stack: 0x0000009380d00000,0x0000009380e00000] [id=20024]

[error occurred during error reporting (printing all threads), id 0xc0000005, EXCEPTION_ACCESS_VIOLATION (0xc0000005) at pc=0x00007ff91e1c6017]

VM state:not at safepoint (not fully initialized)

VM Mutex/Monitor currently owned by a thread:  ([mutex/lock_event])
[0x0000023ca4952fb0] Heap_lock - owner thread: 0x0000023ca4958000

Heap address: 0x0000000704000000, size: 4032 MB, Compressed Oops mode: Non-zero based: 0x0000000704000000
Narrow klass base: 0x0000000000000000, Narrow klass shift: 0

GC Heap History (0 events):
No events

Deoptimization events (0 events):
No events

Classes redefined (0 events):
No events

Internal exceptions (0 events):
No events

Events (1 events):
Event: 0.005 Loaded shared library C:\Program Files\JetBrains\PhpStorm 2022.1.4\jbr\bin\zip.dll


Dynamic libraries:
0x00007ff650510000 - 0x00007ff65051a000 	C:\Program Files\JetBrains\PhpStorm 2022.1.4\jbr\bin\java.exe
0x00007ff9a0950000 - 0x00007ff9a0b67000 	C:\Windows\SYSTEM32\ntdll.dll
0x00007ff9633f0000 - 0x00007ff963409000 	C:\Program Files\Avast Software\Avast\aswhook.dll
0x00007ff99e8f0000 - 0x00007ff99e9b4000 	C:\Windows\System32\KERNEL32.DLL
0x00007ff99dda0000 - 0x00007ff99e146000 	C:\Windows\System32\KERNELBASE.dll
0x00007ff99e580000 - 0x00007ff99e691000 	C:\Windows\System32\ucrtbase.dll
0x00007ff994610000 - 0x00007ff994629000 	C:\Program Files\JetBrains\PhpStorm 2022.1.4\jbr\bin\jli.dll
0x00007ff980c70000 - 0x00007ff980c86000 	C:\Program Files\JetBrains\PhpStorm 2022.1.4\jbr\bin\VCRUNTIME140.dll
0x00007ff99fc70000 - 0x00007ff99fe1e000 	C:\Windows\System32\USER32.dll
0x00007ff99e2f0000 - 0x00007ff99e316000 	C:\Windows\System32\win32u.dll
0x00007ff982f10000 - 0x00007ff9831a3000 	C:\Windows\WinSxS\amd64_microsoft.windows.common-controls_6595b64144ccf1df_6.0.22621.2506_none_270c5ae97388e100\COMCTL32.dll
0x00007ff9a0640000 - 0x00007ff9a0669000 	C:\Windows\System32\GDI32.dll
0x00007ff99e1d0000 - 0x00007ff99e2e8000 	C:\Windows\System32\gdi32full.dll
0x00007ff99e7d0000 - 0x00007ff99e877000 	C:\Windows\System32\msvcrt.dll
0x00007ff99dd00000 - 0x00007ff99dd9a000 	C:\Windows\System32\msvcp_win.dll
0x00007ff99f330000 - 0x00007ff99f361000 	C:\Windows\System32\IMM32.DLL
0x00007ff92fd40000 - 0x00007ff92fdea000 	C:\Program Files\JetBrains\PhpStorm 2022.1.4\jbr\bin\msvcp140.dll
0x00007ff91ded0000 - 0x00007ff91ea4b000 	C:\Program Files\JetBrains\PhpStorm 2022.1.4\jbr\bin\server\jvm.dll
0x00007ff99e6a0000 - 0x00007ff99e753000 	C:\Windows\System32\ADVAPI32.dll
0x00007ff9a0110000 - 0x00007ff9a01b8000 	C:\Windows\System32\sechost.dll
0x00007ff99e320000 - 0x00007ff99e348000 	C:\Windows\System32\bcrypt.dll
0x00007ff9a0670000 - 0x00007ff9a0787000 	C:\Windows\System32\RPCRT4.dll
0x00007ff99e9c0000 - 0x00007ff99e9c8000 	C:\Windows\System32\PSAPI.DLL
0x00007ff97f660000 - 0x00007ff97f669000 	C:\Windows\SYSTEM32\WSOCK32.dll
0x00007ff9944b0000 - 0x00007ff9944e4000 	C:\Windows\SYSTEM32\WINMM.dll
0x00007ff994330000 - 0x00007ff99433a000 	C:\Windows\SYSTEM32\VERSION.dll
0x00007ff9a0360000 - 0x00007ff9a03d1000 	C:\Windows\System32\WS2_32.dll
0x00007ff99cd80000 - 0x00007ff99cd98000 	C:\Windows\SYSTEM32\kernel.appcore.dll
0x00007ff994670000 - 0x00007ff994681000 	C:\Program Files\JetBrains\PhpStorm 2022.1.4\jbr\bin\verify.dll
0x00007ff99b580000 - 0x00007ff99b7b3000 	C:\Windows\SYSTEM32\DBGHELP.DLL
0x00007ff99f370000 - 0x00007ff99f6f9000 	C:\Windows\System32\combase.dll
0x00007ff9a0830000 - 0x00007ff9a0907000 	C:\Windows\System32\OLEAUT32.dll
0x00007ff9913c0000 - 0x00007ff9913f2000 	C:\Windows\SYSTEM32\dbgcore.DLL
0x00007ff99e150000 - 0x00007ff99e1ca000 	C:\Windows\System32\bcryptPrimitives.dll
0x00007ff994640000 - 0x00007ff994669000 	C:\Program Files\JetBrains\PhpStorm 2022.1.4\jbr\bin\java.dll
0x00007ff996360000 - 0x00007ff99636b000 	C:\Program Files\JetBrains\PhpStorm 2022.1.4\jbr\bin\jimage.dll
0x00007ff9945f0000 - 0x00007ff994609000 	C:\Program Files\JetBrains\PhpStorm 2022.1.4\jbr\bin\zip.dll

dbghelp: loaded successfully - version: 4.0.5 - missing functions: none
symbol engine: initialized successfully - sym options: 0x614 - pdb path: .;C:\Program Files\JetBrains\PhpStorm 2022.1.4\jbr\bin;C:\Windows\SYSTEM32;C:\Program Files\Avast Software\Avast;C:\Windows\WinSxS\amd64_microsoft.windows.common-controls_6595b64144ccf1df_6.0.22621.2506_none_270c5ae97388e100;C:\Program Files\JetBrains\PhpStorm 2022.1.4\jbr\bin\server

VM Arguments:
java_command: git4idea.http.GitAskPassApp Username for 'https://github.com': 
java_class_path (initial): C:/Program Files/JetBrains/PhpStorm 2022.1.4/plugins/git4idea/lib/git4idea-rt.jar;C:/Program Files/JetBrains/PhpStorm 2022.1.4/lib/externalProcess-rt.jar;C:/Program Files/JetBrains/PhpStorm 2022.1.4/lib/app.jar;C:/Program Files/JetBrains/PhpStorm 2022.1.4/lib/3rd-party-rt.jar
Launcher Type: SUN_STANDARD

[Global flags]
     intx CICompilerCount                          = 12                                        {product} {ergonomic}
     uint ConcGCThreads                            = 3                                         {product} {ergonomic}
     uint G1ConcRefinementThreads                  = 13                                        {product} {ergonomic}
   size_t G1HeapRegionSize                         = 1048576                                   {product} {ergonomic}
    uintx GCDrainStackTargetSize                   = 64                                        {product} {ergonomic}
   size_t InitialHeapSize                          = 264241152                                 {product} {ergonomic}
   size_t MarkStackSize                            = 4194304                                   {product} {ergonomic}
   size_t MaxHeapSize                              = 4227858432                                {product} {ergonomic}
   size_t MinHeapDeltaBytes                        = 1048576                                   {product} {ergonomic}
    uintx NonNMethodCodeHeapSize                   = 7594288                                {pd product} {ergonomic}
    uintx NonProfiledCodeHeapSize                  = 122031976                              {pd product} {ergonomic}
    uintx ProfiledCodeHeapSize                     = 122031976                              {pd product} {ergonomic}
    uintx ReservedCodeCacheSize                    = 251658240                              {pd product} {ergonomic}
     bool SegmentedCodeCache                       = true                                      {product} {ergonomic}
     bool UseCompressedClassPointers               = true                                 {lp64_product} {ergonomic}
     bool UseCompressedOops                        = true                                 {lp64_product} {ergonomic}
     bool UseG1GC                                  = true                                      {product} {ergonomic}
     bool UseLargePagesIndividualAllocation        = false                                  {pd product} {ergonomic}

Logging:
Log output configuration:
 #0: stdout all=warning uptime,level,tags
 #1: stderr all=off uptime,level,tags

Environment Variables:
PATH=C:\Program Files\Git\mingw64\libexec\git-core;C:\Program Files\Git\mingw64\libexec\git-core;C:\Program Files\Git\mingw64\bin;C:\Program Files\Git\usr\bin;C:\Users\User\bin;C:\Windows\system32;C:\Windows;C:\Windows\System32\Wbem;C:\Windows\System32\WindowsPowerShell\v1.0;C:\Windows\System32\OpenSSH;C:\Program Files\NVIDIA Corporation\NVIDIA NvDLISR;C:\Program Files (x86)\NVIDIA Corporation\PhysX\Common;C:\Program Files\Git\cmd;C:\Program Files\dotnet;C:\Program Files\Docker\Docker\resources\bin;C:\xampp\php;C:\ProgramData\ComposerSetup\bin;C:\Program Files\nodejs;C:\dev\flutter\bin;C:\Users\User\AppData\Local\Microsoft\WindowsApps;C:\Users\User\AppData\Local\GitHubDesktop\bin;C:\Users\User\AppData\Local\Programs\Microsoft VS Code\bin;C:\Users\User\AppData\Roaming\Composer\vendor\bin;C:\Users\User\AppData\Roaming\npm
USERNAME=User
DISPLAY=:0.0
LC_ALL=en_US.UTF-8
OS=Windows_NT
PROCESSOR_IDENTIFIER=Intel64 Family 6 Model 141 Stepping 1, GenuineIntel



---------------  S Y S T E M  ---------------

OS: Windows 11 , 64 bit Build 22621 (10.0.22621.3085)
OS uptime: 5 days 23:26 hours
Hyper-V role detected

CPU:total 16 (initial active 16) (8 cores per cpu, 2 threads per core) family 6 model 141 stepping 1 microcode 0x34, cmov, cx8, fxsr, mmx, sse, sse2, sse3, ssse3, sse4.1, sse4.2, popcnt, avx, avx2, aes, clmul, erms, 3dnowpref, lzcnt, ht, tsc, tscinvbit, bmi1, bmi2, adx, evex, sha, fma

Memory: 4k page, system-wide physical 16122M (6580M free)
TotalPageFile size 65274M (AvailPageFile size 160M)
current process WorkingSet (physical memory assigned to process): 11M, peak: 11M
current process commit charge ("private bytes"): 71M, peak: 323M

vm_info: OpenJDK 64-Bit Server VM (11.0.15+10-b2043.56) for windows-amd64 JRE (11.0.15+10-b2043.56), built on May 16 2022 02:28:12 by "" with MS VC++ 14.0 (VS2015)

END.
