#
# There is insufficient memory for the Java Runtime Environment to continue.
# Native memory allocation (mmap) failed to map 264241152 bytes for Failed to commit area from 0x0000000704000000 to 0x0000000713c00000 of length 264241152.
# Possible reasons:
#   The system is out of physical RAM or swap space
#   The process is running with CompressedOops enabled, and the Java Heap may be blocking the growth of the native heap
# Possible solutions:
#   Reduce memory load on the system
#   Increase physical memory or swap space
#   Check if swap backing store is full
#   Decrease Java heap size (-Xmx/-Xms)
#   Decrease number of Java threads
#   Decrease Java thread stack sizes (-Xss)
#   Set larger code cache with -XX:ReservedCodeCacheSize=
# This output file may be truncated or incomplete.
#
#  Out of Memory Error (src/hotspot/os/windows/os_windows.cpp:3627), pid=19584, tid=22332
#
# JRE version:  (11.0.15+10) (build )
# Java VM: OpenJDK 64-Bit Server VM (11.0.15+10-b2043.56, mixed mode, sharing, tiered, compressed oops, g1 gc, windows-amd64)
# No core dump will be written. Minidumps are not enabled by default on client versions of Windows
#

---------------  S U M M A R Y ------------

Command Line: git4idea.http.GitAskPassApp Username for 'https://github.com': 

Host: 11th Gen Intel(R) Core(TM) i7-11800H @ 2.30GHz, 16 cores, 15G,  Windows 11 , 64 bit Build 22621 (10.0.22621.3235)
Time: Mon Mar 25 14:56:00 2024 Jordan Standard Time elapsed time: 0.010727 seconds (0d 0h 0m 0s)

---------------  T H R E A D  ---------------

Current thread (0x00000178e8d95000):  JavaThread "Unknown thread" [_thread_in_vm, id=22332, stack(0x0000003e93b00000,0x0000003e93c00000)]

Stack: [0x0000003e93b00000,0x0000003e93c00000]
Native frames: (J=compiled Java code, j=interpreted, Vv=VM code, C=native code)
V  [jvm.dll+0x61612a]
V  [jvm.dll+0x79c450]
V  [jvm.dll+0x79da6d]
V  [jvm.dll+0x79e143]
V  [jvm.dll+0x24cc18]
V  [jvm.dll+0x613174]
V  [jvm.dll+0x607e55]
V  [jvm.dll+0x30b1cb]
V  [jvm.dll+0x30b13a]
V  [jvm.dll+0x30b012]
V  [jvm.dll+0x30ff76]
V  [jvm.dll+0x35b4c3]
V  [jvm.dll+0x35bbc6]
V  [jvm.dll+0x35b5c3]
V  [jvm.dll+0x2e5918]
V  [jvm.dll+0x2e6ab7]
V  [jvm.dll+0x7794f7]
V  [jvm.dll+0x77acec]
V  [jvm.dll+0x368a59]
V  [jvm.dll+0x75ce8e]
V  [jvm.dll+0x3d6a33]
V  [jvm.dll+0x3d9001]
C  [jli.dll+0x536b]
C  [ucrtbase.dll+0x29363]
C  [KERNEL32.DLL+0x1257d]
C  [ntdll.dll+0x5aa58]


---------------  P R O C E S S  ---------------

Threads class SMR info:
_java_thread_list=0x00000178e6b12380, length=0, elements={
}

Java Threads: ( => current thread )

Other Threads:
  0x00000178e8db2000 GCTaskThread "GC Thread#0" [stack: 0x0000003e93c00000,0x0000003e93d00000] [id=24252]
  0x00000178e8e0f000 ConcurrentGCThread "G1 Main Marker" [stack: 0x0000003e93d00000,0x0000003e93e00000] [id=34744]
  0x00000178e8e10800 ConcurrentGCThread "G1 Conc#0" [stack: 0x0000003e93e00000,0x0000003e93f00000] [id=26160]

[error occurred during error reporting (printing all threads), id 0xc0000005, EXCEPTION_ACCESS_VIOLATION (0xc0000005) at pc=0x00007ffabbcf6017]

VM state:not at safepoint (not fully initialized)

VM Mutex/Monitor currently owned by a thread:  ([mutex/lock_event])
[0x00000178e8d90e30] Heap_lock - owner thread: 0x00000178e8d95000

Heap address: 0x0000000704000000, size: 4032 MB, Compressed Oops mode: Non-zero based: 0x0000000704000000
Narrow klass base: 0x0000000000000000, Narrow klass shift: 0

GC Heap History (0 events):
No events

Deoptimization events (0 events):
No events

Classes redefined (0 events):
No events

Internal exceptions (0 events):
No events

Events (1 events):
Event: 0.006 Loaded shared library C:\Program Files\JetBrains\PhpStorm 2022.1.4\jbr\bin\zip.dll


Dynamic libraries:
0x00007ff7be9f0000 - 0x00007ff7be9fa000 	C:\Program Files\JetBrains\PhpStorm 2022.1.4\jbr\bin\java.exe
0x00007ffb5bbf0000 - 0x00007ffb5be06000 	C:\Windows\SYSTEM32\ntdll.dll
0x00007ffb30a30000 - 0x00007ffb30a49000 	C:\Program Files\Avast Software\Avast\aswhook.dll
0x00007ffb59fa0000 - 0x00007ffb5a064000 	C:\Windows\System32\KERNEL32.DLL
0x00007ffb591f0000 - 0x00007ffb59596000 	C:\Windows\System32\KERNELBASE.dll
0x00007ffb590d0000 - 0x00007ffb591e1000 	C:\Windows\System32\ucrtbase.dll
0x00007ffb4dcf0000 - 0x00007ffb4dd09000 	C:\Program Files\JetBrains\PhpStorm 2022.1.4\jbr\bin\jli.dll
0x00007ffb45ff0000 - 0x00007ffb46006000 	C:\Program Files\JetBrains\PhpStorm 2022.1.4\jbr\bin\VCRUNTIME140.dll
0x00007ffb5b5b0000 - 0x00007ffb5b75d000 	C:\Windows\System32\USER32.dll
0x00007ffb59890000 - 0x00007ffb598b6000 	C:\Windows\System32\win32u.dll
0x00007ffb30d80000 - 0x00007ffb31013000 	C:\Windows\WinSxS\amd64_microsoft.windows.common-controls_6595b64144ccf1df_6.0.22621.3235_none_270f74e173860f98\COMCTL32.dll
0x00007ffb5b580000 - 0x00007ffb5b5a9000 	C:\Windows\System32\GDI32.dll
0x00007ffb5a070000 - 0x00007ffb5a117000 	C:\Windows\System32\msvcrt.dll
0x00007ffb596b0000 - 0x00007ffb597c8000 	C:\Windows\System32\gdi32full.dll
0x00007ffb595a0000 - 0x00007ffb5963a000 	C:\Windows\System32\msvcp_win.dll
0x00007ffb5b370000 - 0x00007ffb5b3a1000 	C:\Windows\System32\IMM32.DLL
0x00007ffb05f60000 - 0x00007ffb0600a000 	C:\Program Files\JetBrains\PhpStorm 2022.1.4\jbr\bin\msvcp140.dll
0x00007ffabba00000 - 0x00007ffabc57b000 	C:\Program Files\JetBrains\PhpStorm 2022.1.4\jbr\bin\server\jvm.dll
0x00007ffb59940000 - 0x00007ffb599f2000 	C:\Windows\System32\ADVAPI32.dll
0x00007ffb5a7a0000 - 0x00007ffb5a848000 	C:\Windows\System32\sechost.dll
0x00007ffb58f30000 - 0x00007ffb58f58000 	C:\Windows\System32\bcrypt.dll
0x00007ffb59a00000 - 0x00007ffb59b15000 	C:\Windows\System32\RPCRT4.dll
0x00007ffb5b880000 - 0x00007ffb5b888000 	C:\Windows\System32\PSAPI.DLL
0x00007ffb46810000 - 0x00007ffb46819000 	C:\Windows\SYSTEM32\WSOCK32.dll
0x00007ffb507d0000 - 0x00007ffb507da000 	C:\Windows\SYSTEM32\VERSION.dll
0x00007ffb50030000 - 0x00007ffb50064000 	C:\Windows\SYSTEM32\WINMM.dll
0x00007ffb5aa90000 - 0x00007ffb5ab01000 	C:\Windows\System32\WS2_32.dll
0x00007ffb58020000 - 0x00007ffb58038000 	C:\Windows\SYSTEM32\kernel.appcore.dll
0x00007ffb50380000 - 0x00007ffb50391000 	C:\Program Files\JetBrains\PhpStorm 2022.1.4\jbr\bin\verify.dll
0x00007ffb56840000 - 0x00007ffb56a73000 	C:\Windows\SYSTEM32\DBGHELP.DLL
0x00007ffb5a120000 - 0x00007ffb5a4a8000 	C:\Windows\System32\combase.dll
0x00007ffb5a6c0000 - 0x00007ffb5a797000 	C:\Windows\System32\OLEAUT32.dll
0x00007ffb4e7a0000 - 0x00007ffb4e7d2000 	C:\Windows\SYSTEM32\dbgcore.DLL
0x00007ffb598c0000 - 0x00007ffb5993a000 	C:\Windows\System32\bcryptPrimitives.dll
0x00007ffb4dd10000 - 0x00007ffb4dd39000 	C:\Program Files\JetBrains\PhpStorm 2022.1.4\jbr\bin\java.dll
0x00007ffb51040000 - 0x00007ffb5104b000 	C:\Program Files\JetBrains\PhpStorm 2022.1.4\jbr\bin\jimage.dll
0x00007ffb4dc80000 - 0x00007ffb4dc99000 	C:\Program Files\JetBrains\PhpStorm 2022.1.4\jbr\bin\zip.dll

dbghelp: loaded successfully - version: 4.0.5 - missing functions: none
symbol engine: initialized successfully - sym options: 0x614 - pdb path: .;C:\Program Files\JetBrains\PhpStorm 2022.1.4\jbr\bin;C:\Windows\SYSTEM32;C:\Program Files\Avast Software\Avast;C:\Windows\WinSxS\amd64_microsoft.windows.common-controls_6595b64144ccf1df_6.0.22621.3235_none_270f74e173860f98;C:\Program Files\JetBrains\PhpStorm 2022.1.4\jbr\bin\server

VM Arguments:
java_command: git4idea.http.GitAskPassApp Username for 'https://github.com': 
java_class_path (initial): C:/Program Files/JetBrains/PhpStorm 2022.1.4/plugins/git4idea/lib/git4idea-rt.jar;C:/Program Files/JetBrains/PhpStorm 2022.1.4/lib/externalProcess-rt.jar;C:/Program Files/JetBrains/PhpStorm 2022.1.4/lib/app.jar;C:/Program Files/JetBrains/PhpStorm 2022.1.4/lib/3rd-party-rt.jar
Launcher Type: SUN_STANDARD

[Global flags]
     intx CICompilerCount                          = 12                                        {product} {ergonomic}
     uint ConcGCThreads                            = 3                                         {product} {ergonomic}
     uint G1ConcRefinementThreads                  = 13                                        {product} {ergonomic}
   size_t G1HeapRegionSize                         = 1048576                                   {product} {ergonomic}
    uintx GCDrainStackTargetSize                   = 64                                        {product} {ergonomic}
   size_t InitialHeapSize                          = 264241152                                 {product} {ergonomic}
   size_t MarkStackSize                            = 4194304                                   {product} {ergonomic}
   size_t MaxHeapSize                              = 4227858432                                {product} {ergonomic}
   size_t MinHeapDeltaBytes                        = 1048576                                   {product} {ergonomic}
    uintx NonNMethodCodeHeapSize                   = 7594288                                {pd product} {ergonomic}
    uintx NonProfiledCodeHeapSize                  = 122031976                              {pd product} {ergonomic}
    uintx ProfiledCodeHeapSize                     = 122031976                              {pd product} {ergonomic}
    uintx ReservedCodeCacheSize                    = 251658240                              {pd product} {ergonomic}
     bool SegmentedCodeCache                       = true                                      {product} {ergonomic}
     bool UseCompressedClassPointers               = true                                 {lp64_product} {ergonomic}
     bool UseCompressedOops                        = true                                 {lp64_product} {ergonomic}
     bool UseG1GC                                  = true                                      {product} {ergonomic}
     bool UseLargePagesIndividualAllocation        = false                                  {pd product} {ergonomic}

Logging:
Log output configuration:
 #0: stdout all=warning uptime,level,tags
 #1: stderr all=off uptime,level,tags

Environment Variables:
PATH=C:\Program Files\Git\mingw64\libexec\git-core;C:\Program Files\Git\mingw64\libexec\git-core;C:\Program Files\Git\mingw64\bin;C:\Program Files\Git\usr\bin;C:\Users\User\bin;C:\Windows\system32;C:\Windows;C:\Windows\System32\Wbem;C:\Windows\System32\WindowsPowerShell\v1.0;C:\Windows\System32\OpenSSH;C:\Program Files\NVIDIA Corporation\NVIDIA NvDLISR;C:\Program Files (x86)\NVIDIA Corporation\PhysX\Common;C:\Program Files\Git\cmd;C:\Program Files\dotnet;C:\Program Files\Docker\Docker\resources\bin;C:\xampp\php;C:\ProgramData\ComposerSetup\bin;C:\Program Files\nodejs;C:\dev\flutter\bin;C:\Users\User\AppData\Local\Microsoft\WindowsApps;C:\Users\User\AppData\Local\GitHubDesktop\bin;C:\Users\User\AppData\Local\Programs\Microsoft VS Code\bin;C:\Users\User\AppData\Roaming\Composer\vendor\bin;C:\Users\User\AppData\Roaming\npm
USERNAME=User
DISPLAY=:0.0
LC_ALL=en_US.UTF-8
OS=Windows_NT
PROCESSOR_IDENTIFIER=Intel64 Family 6 Model 141 Stepping 1, GenuineIntel



---------------  S Y S T E M  ---------------

OS: Windows 11 , 64 bit Build 22621 (10.0.22621.3235)
OS uptime: 12 days 8:40 hours
Hyper-V role detected

CPU:total 16 (initial active 16) (8 cores per cpu, 2 threads per core) family 6 model 141 stepping 1 microcode 0x34, cmov, cx8, fxsr, mmx, sse, sse2, sse3, ssse3, sse4.1, sse4.2, popcnt, avx, avx2, aes, clmul, erms, 3dnowpref, lzcnt, ht, tsc, tscinvbit, bmi1, bmi2, adx, evex, sha, fma

Memory: 4k page, system-wide physical 16122M (2996M free)
TotalPageFile size 65274M (AvailPageFile size 115M)
current process WorkingSet (physical memory assigned to process): 11M, peak: 11M
current process commit charge ("private bytes"): 71M, peak: 323M

vm_info: OpenJDK 64-Bit Server VM (11.0.15+10-b2043.56) for windows-amd64 JRE (11.0.15+10-b2043.56), built on May 16 2022 02:28:12 by "" with MS VC++ 14.0 (VS2015)

END.
